<?xml version="1.0" encoding="utf-8"?><testsuites name="pytest tests"><testsuite name="pytest" errors="0" failures="0" skipped="0" tests="21" time="11.614" timestamp="2026-02-16T11:32:45.874582+00:00" hostname="agent-env-fd036845-688f-4d40-ba97-5b970a44600d"><testcase classname="backend.tests.test_performance_optimizations_iter10.TestHealthEndpoints" name="test_api_health_returns_status" time="0.187" /><testcase classname="backend.tests.test_performance_optimizations_iter10.TestHealthEndpoints" name="test_performance_health_endpoint" time="0.105" /><testcase classname="backend.tests.test_performance_optimizations_iter10.TestGzipCompression" name="test_gzip_encoding_header_accepted" time="0.105" /><testcase classname="backend.tests.test_performance_optimizations_iter10.TestGzipCompression" name="test_compression_reduces_large_response" time="0.213" /><testcase classname="backend.tests.test_performance_optimizations_iter10.TestRedisCaching" name="test_redis_connection_status" time="0.102" /><testcase classname="backend.tests.test_performance_optimizations_iter10.TestRedisCaching" name="test_cache_stats_includes_redis_metrics" time="0.101" /><testcase classname="backend.tests.test_performance_optimizations_iter10.TestBulkSubmissionEndpoint" name="test_bulk_submissions_endpoint_exists" time="0.535" /><testcase classname="backend.tests.test_performance_optimizations_iter10.TestBulkSubmissionEndpoint" name="test_bulk_submissions_with_nonexistent_forms" time="0.451" /><testcase classname="backend.tests.test_performance_optimizations_iter10.TestBulkSubmissionEndpoint" name="test_bulk_submissions_response_structure" time="0.474" /><testcase classname="backend.tests.test_performance_optimizations_iter10.TestBulkSubmissionEndpoint" name="test_bulk_submissions_max_limit_is_1000" time="0.525" /><testcase classname="backend.tests.test_performance_optimizations_iter10.TestBulkDeleteEndpoint" name="test_bulk_delete_endpoint_exists" time="0.497" /><testcase classname="backend.tests.test_performance_optimizations_iter10.TestBulkDeleteEndpoint" name="test_bulk_soft_delete_nonexistent_ids" time="0.440" /><testcase classname="backend.tests.test_performance_optimizations_iter10.TestBulkDeleteEndpoint" name="test_bulk_hard_delete_requires_superadmin" time="0.512" /><testcase classname="backend.tests.test_performance_optimizations_iter10.TestBulkUpdateEndpoint" name="test_bulk_update_endpoint_exists" time="0.592" /><testcase classname="backend.tests.test_performance_optimizations_iter10.TestBulkStatusEndpoint" name="test_bulk_status_endpoint_returns_404_for_unknown_batch" time="1.009" /><testcase classname="backend.tests.test_performance_optimizations_iter10.TestCacheStatsAuthentication" name="test_cache_stats_requires_auth" time="0.110" /><testcase classname="backend.tests.test_performance_optimizations_iter10.TestCacheStatsAuthentication" name="test_cache_stats_with_auth" time="0.525" /><testcase classname="backend.tests.test_performance_optimizations_iter10.TestPreviousFeaturesStillWork" name="test_chat_persistence_still_works" time="4.683" /><testcase classname="backend.tests.test_performance_optimizations_iter10.TestPreviousFeaturesStillWork" name="test_help_articles_with_screenshots" time="0.128" /><testcase classname="backend.tests.test_performance_optimizations_iter10.TestPreviousFeaturesStillWork" name="test_help_article_detail_has_screenshot" time="0.108" /><testcase classname="backend.tests.test_performance_optimizations_iter10.TestConnectionPoolConfiguration" name="test_health_reports_100_connections" time="0.117" /></testsuite></testsuites>