<?xml version="1.0" encoding="utf-8"?><testsuites name="pytest tests"><testsuite name="pytest" errors="0" failures="0" skipped="0" tests="17" time="84.887" timestamp="2026-02-16T10:07:44.284595+00:00" hostname="agent-env-fd036845-688f-4d40-ba97-5b970a44600d"><testcase classname="backend.tests.test_chat_persistence_screenshots.TestChatPersistence" name="test_chat_creates_session" time="4.757" /><testcase classname="backend.tests.test_chat_persistence_screenshots.TestChatPersistence" name="test_chat_uses_existing_session" time="25.160" /><testcase classname="backend.tests.test_chat_persistence_screenshots.TestChatPersistence" name="test_get_session_history" time="4.010" /><testcase classname="backend.tests.test_chat_persistence_screenshots.TestChatPersistence" name="test_get_nonexistent_session_returns_404" time="0.124" /><testcase classname="backend.tests.test_chat_persistence_screenshots.TestChatPersistence" name="test_delete_session_history" time="2.608" /><testcase classname="backend.tests.test_chat_persistence_screenshots.TestChatPersistence" name="test_delete_nonexistent_session_returns_404" time="0.162" /><testcase classname="backend.tests.test_chat_persistence_screenshots.TestChatPersistence" name="test_multi_turn_conversation_persistence" time="32.919" /><testcase classname="backend.tests.test_chat_persistence_screenshots.TestArticleScreenshots" name="test_article_has_screenshot_url" time="0.133" /><testcase classname="backend.tests.test_chat_persistence_screenshots.TestArticleScreenshots" name="test_form_builder_article_screenshot" time="0.126" /><testcase classname="backend.tests.test_chat_persistence_screenshots.TestArticleScreenshots" name="test_dashboards_article_screenshot" time="0.132" /><testcase classname="backend.tests.test_chat_persistence_screenshots.TestArticleScreenshots" name="test_chart_studio_article_screenshot" time="0.131" /><testcase classname="backend.tests.test_chat_persistence_screenshots.TestArticleScreenshots" name="test_user_management_article_screenshot" time="0.123" /><testcase classname="backend.tests.test_chat_persistence_screenshots.TestArticleScreenshots" name="test_article_without_screenshot_field" time="0.161" /><testcase classname="backend.tests.test_chat_persistence_screenshots.TestArticleScreenshots" name="test_screenshot_files_exist" time="0.719" /><testcase classname="backend.tests.test_chat_persistence_screenshots.TestChatEndpointStructure" name="test_chat_response_structure" time="1.092" /><testcase classname="backend.tests.test_chat_persistence_screenshots.TestChatEndpointStructure" name="test_chat_without_session_id_creates_new" time="1.925" /><testcase classname="backend.tests.test_chat_persistence_screenshots.TestChatEndpointStructure" name="test_session_history_response_structure" time="10.546" /></testsuite></testsuites>