<?xml version="1.0" encoding="utf-8"?><testsuites name="pytest tests"><testsuite name="pytest" errors="0" failures="10" skipped="0" tests="21" time="11.247" timestamp="2026-02-16T11:32:06.523217+00:00" hostname="agent-env-fd036845-688f-4d40-ba97-5b970a44600d"><testcase classname="backend.tests.test_performance_optimizations_iter10.TestHealthEndpoints" name="test_api_health_returns_status" time="0.206" /><testcase classname="backend.tests.test_performance_optimizations_iter10.TestHealthEndpoints" name="test_performance_health_endpoint" time="0.106" /><testcase classname="backend.tests.test_performance_optimizations_iter10.TestGzipCompression" name="test_gzip_encoding_header_accepted" time="0.115" /><testcase classname="backend.tests.test_performance_optimizations_iter10.TestGzipCompression" name="test_compression_reduces_large_response" time="0.201" /><testcase classname="backend.tests.test_performance_optimizations_iter10.TestRedisCaching" name="test_redis_connection_status" time="0.102" /><testcase classname="backend.tests.test_performance_optimizations_iter10.TestRedisCaching" name="test_cache_stats_includes_redis_metrics" time="0.098" /><testcase classname="backend.tests.test_performance_optimizations_iter10.TestBulkSubmissionEndpoint" name="test_bulk_submissions_endpoint_exists" time="0.533"><failure message="assert 401 in [200, 422]&#10; +  where 401 = &lt;Response [401]&gt;.status_code">backend/tests/test_performance_optimizations_iter10.py:185: in test_bulk_submissions_endpoint_exists
    assert response.status_code in [200, 422]  # 422 for validation error is acceptable
    ^^^^^^^^^^^^^^^^^^^^^^^^^^^^^^^^^^^^^^^^^
E   assert 401 in [200, 422]
E    +  where 401 = &lt;Response [401]&gt;.status_code</failure></testcase><testcase classname="backend.tests.test_performance_optimizations_iter10.TestBulkSubmissionEndpoint" name="test_bulk_submissions_with_nonexistent_forms" time="0.430"><failure message="assert 401 == 200&#10; +  where 401 = &lt;Response [401]&gt;.status_code">backend/tests/test_performance_optimizations_iter10.py:213: in test_bulk_submissions_with_nonexistent_forms
    assert response.status_code == 200
E   assert 401 == 200
E    +  where 401 = &lt;Response [401]&gt;.status_code</failure></testcase><testcase classname="backend.tests.test_performance_optimizations_iter10.TestBulkSubmissionEndpoint" name="test_bulk_submissions_response_structure" time="0.417"><failure message="assert 401 == 200&#10; +  where 401 = &lt;Response [401]&gt;.status_code">backend/tests/test_performance_optimizations_iter10.py:249: in test_bulk_submissions_response_structure
    assert response.status_code == 200
E   assert 401 == 200
E    +  where 401 = &lt;Response [401]&gt;.status_code</failure></testcase><testcase classname="backend.tests.test_performance_optimizations_iter10.TestBulkSubmissionEndpoint" name="test_bulk_submissions_max_limit_is_1000" time="0.466"><failure message="assert 401 == 422&#10; +  where 401 = &lt;Response [401]&gt;.status_code">backend/tests/test_performance_optimizations_iter10.py:284: in test_bulk_submissions_max_limit_is_1000
    assert response.status_code == 422  # Validation error
    ^^^^^^^^^^^^^^^^^^^^^^^^^^^^^^^^^^
E   assert 401 == 422
E    +  where 401 = &lt;Response [401]&gt;.status_code</failure></testcase><testcase classname="backend.tests.test_performance_optimizations_iter10.TestBulkDeleteEndpoint" name="test_bulk_delete_endpoint_exists" time="0.423"><failure message="assert 401 == 200&#10; +  where 401 = &lt;Response [401]&gt;.status_code">backend/tests/test_performance_optimizations_iter10.py:313: in test_bulk_delete_endpoint_exists
    assert response.status_code == 200
E   assert 401 == 200
E    +  where 401 = &lt;Response [401]&gt;.status_code</failure></testcase><testcase classname="backend.tests.test_performance_optimizations_iter10.TestBulkDeleteEndpoint" name="test_bulk_soft_delete_nonexistent_ids" time="0.433"><failure message="assert 401 == 200&#10; +  where 401 = &lt;Response [401]&gt;.status_code">backend/tests/test_performance_optimizations_iter10.py:336: in test_bulk_soft_delete_nonexistent_ids
    assert response.status_code == 200
E   assert 401 == 200
E    +  where 401 = &lt;Response [401]&gt;.status_code</failure></testcase><testcase classname="backend.tests.test_performance_optimizations_iter10.TestBulkDeleteEndpoint" name="test_bulk_hard_delete_requires_superadmin" time="0.453"><failure message="assert 401 == 403&#10; +  where 401 = &lt;Response [401]&gt;.status_code">backend/tests/test_performance_optimizations_iter10.py:358: in test_bulk_hard_delete_requires_superadmin
    assert response.status_code == 403
E   assert 401 == 403
E    +  where 401 = &lt;Response [401]&gt;.status_code</failure></testcase><testcase classname="backend.tests.test_performance_optimizations_iter10.TestBulkUpdateEndpoint" name="test_bulk_update_endpoint_exists" time="0.476"><failure message="assert 401 == 200&#10; +  where 401 = &lt;Response [401]&gt;.status_code">backend/tests/test_performance_optimizations_iter10.py:390: in test_bulk_update_endpoint_exists
    assert response.status_code == 200
E   assert 401 == 200
E    +  where 401 = &lt;Response [401]&gt;.status_code</failure></testcase><testcase classname="backend.tests.test_performance_optimizations_iter10.TestBulkStatusEndpoint" name="test_bulk_status_endpoint_returns_404_for_unknown_batch" time="0.456"><failure message="assert 401 == 404&#10; +  where 401 = &lt;Response [401]&gt;.status_code">backend/tests/test_performance_optimizations_iter10.py:426: in test_bulk_status_endpoint_returns_404_for_unknown_batch
    assert response.status_code == 404
E   assert 401 == 404
E    +  where 401 = &lt;Response [401]&gt;.status_code</failure></testcase><testcase classname="backend.tests.test_performance_optimizations_iter10.TestCacheStatsAuthentication" name="test_cache_stats_requires_auth" time="0.110" /><testcase classname="backend.tests.test_performance_optimizations_iter10.TestCacheStatsAuthentication" name="test_cache_stats_with_auth" time="0.426"><failure message="assert 401 == 200&#10; +  where 401 = &lt;Response [401]&gt;.status_code">backend/tests/test_performance_optimizations_iter10.py:463: in test_cache_stats_with_auth
    assert response.status_code == 200
E   assert 401 == 200
E    +  where 401 = &lt;Response [401]&gt;.status_code</failure></testcase><testcase classname="backend.tests.test_performance_optimizations_iter10.TestPreviousFeaturesStillWork" name="test_chat_persistence_still_works" time="5.220" /><testcase classname="backend.tests.test_performance_optimizations_iter10.TestPreviousFeaturesStillWork" name="test_help_articles_with_screenshots" time="0.118" /><testcase classname="backend.tests.test_performance_optimizations_iter10.TestPreviousFeaturesStillWork" name="test_help_article_detail_has_screenshot" time="0.105" /><testcase classname="backend.tests.test_performance_optimizations_iter10.TestConnectionPoolConfiguration" name="test_health_reports_100_connections" time="0.112" /></testsuite></testsuites>