<?xml version="1.0" encoding="utf-8"?><testsuites name="pytest tests"><testsuite name="pytest" errors="0" failures="0" skipped="0" tests="27" time="23.511" timestamp="2026-02-15T20:04:36.224147+00:00" hostname="agent-env-4d16d49a-c50a-4ad2-8eac-08a8088fc291"><testcase classname="tests.test_help_center_comprehensive.TestHelpArticles" name="test_articles_returns_22_items" time="0.219" /><testcase classname="tests.test_help_center_comprehensive.TestHelpArticles" name="test_articles_have_required_fields" time="0.135" /><testcase classname="tests.test_help_center_comprehensive.TestHelpArticles" name="test_articles_filter_by_category_forms" time="0.136" /><testcase classname="tests.test_help_center_comprehensive.TestHelpArticles" name="test_articles_filter_by_category_dataviz" time="0.123" /><testcase classname="tests.test_help_center_comprehensive.TestHelpArticles" name="test_articles_search_filter" time="0.123" /><testcase classname="tests.test_help_center_comprehensive.TestHelpArticleDetail" name="test_getting_started_article" time="0.135" /><testcase classname="tests.test_help_center_comprehensive.TestHelpArticleDetail" name="test_form_builder_article" time="0.113" /><testcase classname="tests.test_help_center_comprehensive.TestHelpArticleDetail" name="test_nonexistent_article_returns_404" time="0.126" /><testcase classname="tests.test_help_center_comprehensive.TestHelpFaq" name="test_faq_returns_20_items" time="0.107" /><testcase classname="tests.test_help_center_comprehensive.TestHelpFaq" name="test_faq_items_have_required_fields" time="0.107" /><testcase classname="tests.test_help_center_comprehensive.TestHelpFaq" name="test_faq_covers_multiple_categories" time="0.114" /><testcase classname="tests.test_help_center_comprehensive.TestHelpTroubleshooting" name="test_troubleshooting_returns_10_guides" time="0.130" /><testcase classname="tests.test_help_center_comprehensive.TestHelpTroubleshooting" name="test_guides_have_severity_levels" time="0.119" /><testcase classname="tests.test_help_center_comprehensive.TestHelpTroubleshooting" name="test_guides_have_common_causes" time="0.202" /><testcase classname="tests.test_help_center_comprehensive.TestHelpTroubleshooting" name="test_guides_have_step_by_step_instructions" time="0.100" /><testcase classname="tests.test_help_center_comprehensive.TestHelpTroubleshooting" name="test_troubleshooting_guide_ids" time="0.110" /><testcase classname="tests.test_help_center_comprehensive.TestHelpSearch" name="test_search_returns_results_across_types" time="0.131" /><testcase classname="tests.test_help_center_comprehensive.TestHelpSearch" name="test_search_form_finds_matches" time="0.146" /><testcase classname="tests.test_help_center_comprehensive.TestHelpSearch" name="test_search_dashboard_finds_matches" time="0.110" /><testcase classname="tests.test_help_center_comprehensive.TestHelpSearch" name="test_search_empty_query" time="0.241" /><testcase classname="tests.test_help_center_comprehensive.TestHelpChat" name="test_chat_returns_ai_response" time="7.886" /><testcase classname="tests.test_help_center_comprehensive.TestHelpChat" name="test_chat_generates_session_id" time="7.186" /><testcase classname="tests.test_help_center_comprehensive.TestHelpChat" name="test_chat_uses_provided_session_id" time="0.892" /><testcase classname="tests.test_help_center_comprehensive.TestHelpChat" name="test_chat_responds_about_datapulse_features" time="4.322" /><testcase classname="tests.test_help_center_comprehensive.TestHelpCategories" name="test_categories_returns_list" time="0.133" /><testcase classname="tests.test_help_center_comprehensive.TestHelpFeedback" name="test_feedback_helpful_submission" time="0.170" /><testcase classname="tests.test_help_center_comprehensive.TestHelpFeedback" name="test_feedback_not_helpful_submission" time="0.109" /></testsuite></testsuites>