<?xml version="1.0" encoding="utf-8"?><testsuites name="pytest tests"><testsuite name="pytest" errors="0" failures="0" skipped="1" tests="13" time="6.663" timestamp="2026-02-15T16:03:09.360446+00:00" hostname="agent-env-19ba8223-47e3-40a5-8e65-6adecac562b1"><testcase classname="backend.tests.test_dashboard_templates_iter27.TestDashboardTemplatesAPI" name="test_list_templates_returns_preset_templates" time="0.954" /><testcase classname="backend.tests.test_dashboard_templates_iter27.TestDashboardTemplatesAPI" name="test_list_templates_preset_content" time="0.408" /><testcase classname="backend.tests.test_dashboard_templates_iter27.TestDashboardTemplatesAPI" name="test_create_custom_template" time="0.541" /><testcase classname="backend.tests.test_dashboard_templates_iter27.TestDashboardTemplatesAPI" name="test_get_single_preset_template" time="0.392" /><testcase classname="backend.tests.test_dashboard_templates_iter27.TestDashboardTemplatesAPI" name="test_delete_custom_template" time="0.560" /><testcase classname="backend.tests.test_dashboard_templates_iter27.TestDashboardTemplatesAPI" name="test_delete_nonexistent_template" time="0.393" /><testcase classname="backend.tests.test_dashboard_templates_iter27.TestDashboardTemplatesAPI" name="test_list_templates_without_auth" time="0.448" /><testcase classname="backend.tests.test_dashboard_templates_iter27.TestDashboardTemplatesAPI" name="test_create_template_without_auth" time="0.431" /><testcase classname="backend.tests.test_dashboard_templates_iter27.TestDashboardTemplatesFromDashboard" name="test_save_dashboard_as_template" time="0.433"><skipped type="pytest.skip" message="Dashboard creation failed: 422 - {&quot;detail&quot;:[{&quot;type&quot;:&quot;missing&quot;,&quot;loc&quot;:[&quot;body&quot;,&quot;org_id&quot;],&quot;msg&quot;:&quot;Field required&quot;,&quot;input&quot;:{&quot;name&quot;:&quot;TEST_Dashboard For Template&quot;,&quot;description&quot;:&quot;Test dashboard to save as template&quot;},&quot;url&quot;:&quot;https://errors.pydantic.dev/2.12/v/missing&quot;}]}">/app/backend/tests/test_dashboard_templates_iter27.py:271: Dashboard creation failed: 422 - {"detail":[{"type":"missing","loc":["body","org_id"],"msg":"Field required","input":{"name":"TEST_Dashboard For Template","description":"Test dashboard to save as template"},"url":"https://errors.pydantic.dev/2.12/v/missing"}]}</skipped></testcase><testcase classname="backend.tests.test_dashboard_templates_iter27.TestDashboardTemplatesFromDashboard" name="test_save_nonexistent_dashboard_as_template" time="0.458" /><testcase classname="backend.tests.test_dashboard_templates_iter27.TestPresetTemplateDetails" name="test_all_preset_templates_have_valid_structure" time="0.409" /><testcase classname="backend.tests.test_dashboard_templates_iter27.TestPresetTemplateDetails" name="test_marketing_template_details" time="0.760" /><testcase classname="backend.tests.test_dashboard_templates_iter27.TestPresetTemplateDetails" name="test_operations_template_details" time="0.392" /></testsuite></testsuites>