<?xml version="1.0" encoding="utf-8"?><testsuites name="pytest tests"><testsuite name="pytest" errors="0" failures="0" skipped="0" tests="33" time="5.208" timestamp="2026-02-16T00:33:22.783714+00:00" hostname="agent-env-02c9693d-8533-44f8-bf54-e2cd3f474fee"><testcase classname="backend.tests.test_help_center_iter7.TestHelpCategoriesFull" name="test_categories_full_returns_8_categories" time="0.221" /><testcase classname="backend.tests.test_help_center_iter7.TestHelpCategoriesFull" name="test_categories_full_has_required_fields" time="0.146" /><testcase classname="backend.tests.test_help_center_iter7.TestHelpCategoriesFull" name="test_categories_full_expected_category_ids" time="0.132" /><testcase classname="backend.tests.test_help_center_iter7.TestHelpCategoriesFull" name="test_categories_contain_articles" time="0.124" /><testcase classname="backend.tests.test_help_center_iter7.TestHelpFaq" name="test_faq_returns_items" time="0.121" /><testcase classname="backend.tests.test_help_center_iter7.TestHelpFaq" name="test_faq_returns_20_items" time="0.161" /><testcase classname="backend.tests.test_help_center_iter7.TestHelpFaq" name="test_faq_items_have_required_fields" time="0.141" /><testcase classname="backend.tests.test_help_center_iter7.TestHelpFaq" name="test_faq_grouped_by_category" time="0.139" /><testcase classname="backend.tests.test_help_center_iter7.TestHelpTroubleshooting" name="test_troubleshooting_returns_guides" time="0.114" /><testcase classname="backend.tests.test_help_center_iter7.TestHelpTroubleshooting" name="test_troubleshooting_returns_10_guides" time="0.114" /><testcase classname="backend.tests.test_help_center_iter7.TestHelpTroubleshooting" name="test_troubleshooting_guides_have_severity" time="0.156" /><testcase classname="backend.tests.test_help_center_iter7.TestHelpTroubleshooting" name="test_troubleshooting_has_common_causes" time="0.156" /><testcase classname="backend.tests.test_help_center_iter7.TestHelpShortcuts" name="test_shortcuts_returns_categories" time="0.120" /><testcase classname="backend.tests.test_help_center_iter7.TestHelpShortcuts" name="test_shortcuts_returns_5_categories" time="0.144" /><testcase classname="backend.tests.test_help_center_iter7.TestHelpShortcuts" name="test_shortcuts_categories_structure" time="0.116" /><testcase classname="backend.tests.test_help_center_iter7.TestHelpShortcuts" name="test_shortcuts_have_keys_and_action" time="0.198" /><testcase classname="backend.tests.test_help_center_iter7.TestHelpWhatsNew" name="test_whats_new_returns_releases" time="0.126" /><testcase classname="backend.tests.test_help_center_iter7.TestHelpWhatsNew" name="test_whats_new_returns_4_releases" time="0.162" /><testcase classname="backend.tests.test_help_center_iter7.TestHelpWhatsNew" name="test_whats_new_releases_have_required_fields" time="0.134" /><testcase classname="backend.tests.test_help_center_iter7.TestHelpWhatsNew" name="test_whats_new_highlights_have_type" time="0.182" /><testcase classname="backend.tests.test_help_center_iter7.TestHelpSearch" name="test_search_requires_query" time="0.130" /><testcase classname="backend.tests.test_help_center_iter7.TestHelpSearch" name="test_search_returns_results_for_form" time="0.156" /><testcase classname="backend.tests.test_help_center_iter7.TestHelpSearch" name="test_search_returns_faq_results" time="0.125" /><testcase classname="backend.tests.test_help_center_iter7.TestHelpSearch" name="test_search_returns_troubleshooting_results" time="0.166" /><testcase classname="backend.tests.test_help_center_iter7.TestHelpSearch" name="test_search_case_insensitive" time="0.236" /><testcase classname="backend.tests.test_help_center_iter7.TestHelpArticles" name="test_articles_list_endpoint" time="0.210" /><testcase classname="backend.tests.test_help_center_iter7.TestHelpArticles" name="test_get_specific_article" time="0.159" /><testcase classname="backend.tests.test_help_center_iter7.TestHelpArticles" name="test_get_nonexistent_article_returns_404" time="0.202" /><testcase classname="backend.tests.test_help_center_iter7.TestHelpArticles" name="test_articles_filter_by_category" time="0.125" /><testcase classname="backend.tests.test_help_center_iter7.TestHelpCategories" name="test_categories_endpoint" time="0.123" /><testcase classname="backend.tests.test_help_center_iter7.TestHelpFeedback" name="test_feedback_submission" time="0.137" /><testcase classname="backend.tests.test_help_center_iter7.TestHelpTroubleshootingById" name="test_get_specific_troubleshooting_guide" time="0.279" /><testcase classname="backend.tests.test_help_center_iter7.TestHelpTroubleshootingById" name="test_get_nonexistent_troubleshooting_guide" time="0.124" /></testsuite></testsuites>