<?xml version="1.0" encoding="utf-8"?><testsuites name="pytest tests"><testsuite name="pytest" errors="0" failures="0" skipped="0" tests="15" time="23.184" timestamp="2026-02-15T19:26:10.108342+00:00" hostname="agent-env-4d16d49a-c50a-4ad2-8eac-08a8088fc291"><testcase classname="backend.tests.test_help_center_iter5.TestHelpArticles" name="test_get_all_articles" time="2.517" /><testcase classname="backend.tests.test_help_center_iter5.TestHelpArticles" name="test_get_articles_filter_by_category" time="0.122" /><testcase classname="backend.tests.test_help_center_iter5.TestHelpArticles" name="test_get_articles_filter_by_dataviz_category" time="0.187" /><testcase classname="backend.tests.test_help_center_iter5.TestHelpArticles" name="test_get_articles_search" time="0.115" /><testcase classname="backend.tests.test_help_center_iter5.TestHelpArticles" name="test_get_articles_search_dashboard" time="0.108" /><testcase classname="backend.tests.test_help_center_iter5.TestHelpArticles" name="test_get_single_article" time="0.154" /><testcase classname="backend.tests.test_help_center_iter5.TestHelpArticles" name="test_get_single_article_form_builder" time="0.114" /><testcase classname="backend.tests.test_help_center_iter5.TestHelpArticles" name="test_get_nonexistent_article_returns_404" time="0.121" /><testcase classname="backend.tests.test_help_center_iter5.TestHelpCategories" name="test_get_categories" time="0.144" /><testcase classname="backend.tests.test_help_center_iter5.TestHelpChat" name="test_chat_returns_response" time="6.852" /><testcase classname="backend.tests.test_help_center_iter5.TestHelpChat" name="test_chat_with_conversation_history" time="6.904" /><testcase classname="backend.tests.test_help_center_iter5.TestHelpChat" name="test_chat_without_session_id" time="0.794" /><testcase classname="backend.tests.test_help_center_iter5.TestHelpChat" name="test_chat_about_dashboards" time="3.934" /><testcase classname="backend.tests.test_help_center_iter5.TestHelpFeedback" name="test_submit_feedback_helpful" time="0.531" /><testcase classname="backend.tests.test_help_center_iter5.TestHelpFeedback" name="test_submit_feedback_not_helpful" time="0.466" /></testsuite></testsuites>