<?xml version="1.0" encoding="utf-8"?><testsuites name="pytest tests"><testsuite name="pytest" errors="0" failures="0" skipped="0" tests="21" time="6.556" timestamp="2026-02-16T16:07:45.642679+00:00" hostname="agent-env-ba7a5add-ed0d-4285-81ae-4c7ce84b833a"><testcase classname="tests.test_pricing_billing_iter12.TestPricingPlans" name="test_get_all_plans_returns_4_tiers" time="0.150" /><testcase classname="tests.test_pricing_billing_iter12.TestPricingPlans" name="test_get_all_plans_includes_annual_discount" time="0.163" /><testcase classname="tests.test_pricing_billing_iter12.TestPricingPlans" name="test_free_tier_has_correct_price" time="0.220" /><testcase classname="tests.test_pricing_billing_iter12.TestPricingPlans" name="test_starter_tier_has_correct_pricing" time="0.172" /><testcase classname="tests.test_pricing_billing_iter12.TestPricingPlans" name="test_pro_tier_has_correct_pricing" time="0.130" /><testcase classname="tests.test_pricing_billing_iter12.TestPricingPlans" name="test_enterprise_tier_has_correct_pricing" time="0.156" /><testcase classname="tests.test_pricing_billing_iter12.TestPricingPlans" name="test_plans_have_features" time="0.234" /><testcase classname="tests.test_pricing_billing_iter12.TestPricingPlans" name="test_get_specific_plan_details" time="0.132" /><testcase classname="tests.test_pricing_billing_iter12.TestPricingPlans" name="test_get_invalid_plan_returns_404" time="0.162" /><testcase classname="tests.test_pricing_billing_iter12.TestCheckoutCreate" name="test_create_checkout_session_for_starter" time="0.785" /><testcase classname="tests.test_pricing_billing_iter12.TestCheckoutCreate" name="test_create_checkout_session_for_pro" time="0.777" /><testcase classname="tests.test_pricing_billing_iter12.TestCheckoutCreate" name="test_create_checkout_for_enterprise" time="0.688" /><testcase classname="tests.test_pricing_billing_iter12.TestCheckoutCreate" name="test_checkout_for_free_tier_returns_400" time="0.105" /><testcase classname="tests.test_pricing_billing_iter12.TestCheckoutCreate" name="test_checkout_invalid_tier_returns_400" time="0.161" /><testcase classname="tests.test_pricing_billing_iter12.TestCheckoutCreate" name="test_checkout_invalid_billing_period_returns_400" time="0.161" /><testcase classname="tests.test_pricing_billing_iter12.TestFreeSubscription" name="test_subscribe_to_free_tier" time="0.144" /><testcase classname="tests.test_pricing_billing_iter12.TestFreeSubscription" name="test_duplicate_free_subscription_returns_400" time="0.417" /><testcase classname="tests.test_pricing_billing_iter12.TestSubscriptionQuery" name="test_get_subscription_for_subscribed_user" time="0.329" /><testcase classname="tests.test_pricing_billing_iter12.TestSubscriptionQuery" name="test_get_subscription_for_non_subscribed_user" time="0.130" /><testcase classname="tests.test_pricing_billing_iter12.TestCheckoutStatus" name="test_get_checkout_status_for_valid_session" time="1.055" /><testcase classname="tests.test_pricing_billing_iter12.TestCheckoutStatus" name="test_get_checkout_status_invalid_session_returns_404" time="0.167" /></testsuite></testsuites>