<?xml version="1.0" encoding="utf-8"?><testsuites name="pytest tests"><testsuite name="pytest" errors="0" failures="4" skipped="1" tests="13" time="7.159" timestamp="2026-02-15T16:02:46.344150+00:00" hostname="agent-env-19ba8223-47e3-40a5-8e65-6adecac562b1"><testcase classname="backend.tests.test_dashboard_templates_iter27.TestDashboardTemplatesAPI" name="test_list_templates_returns_preset_templates" time="0.637" /><testcase classname="backend.tests.test_dashboard_templates_iter27.TestDashboardTemplatesAPI" name="test_list_templates_preset_content" time="0.417" /><testcase classname="backend.tests.test_dashboard_templates_iter27.TestDashboardTemplatesAPI" name="test_create_custom_template" time="0.412"><failure message="AssertionError: Expected 200, got 401: {&quot;detail&quot;:&quot;Invalid or expired token&quot;}&#10;assert 401 == 200&#10; +  where 401 = &lt;Response [401]&gt;.status_code">backend/tests/test_dashboard_templates_iter27.py:110: in test_create_custom_template
    assert response.status_code == 200, f"Expected 200, got {response.status_code}: {response.text}"
E   AssertionError: Expected 200, got 401: {"detail":"Invalid or expired token"}
E   assert 401 == 200
E    +  where 401 = &lt;Response [401]&gt;.status_code</failure></testcase><testcase classname="backend.tests.test_dashboard_templates_iter27.TestDashboardTemplatesAPI" name="test_get_single_preset_template" time="0.507" /><testcase classname="backend.tests.test_dashboard_templates_iter27.TestDashboardTemplatesAPI" name="test_delete_custom_template" time="0.395"><failure message="assert 401 == 200&#10; +  where 401 = &lt;Response [401]&gt;.status_code">backend/tests/test_dashboard_templates_iter27.py:156: in test_delete_custom_template
    assert create_response.status_code == 200
E   assert 401 == 200
E    +  where 401 = &lt;Response [401]&gt;.status_code</failure></testcase><testcase classname="backend.tests.test_dashboard_templates_iter27.TestDashboardTemplatesAPI" name="test_delete_nonexistent_template" time="0.430"><failure message="AssertionError: Expected 404, got 401&#10;assert 401 == 404&#10; +  where 401 = &lt;Response [401]&gt;.status_code">backend/tests/test_dashboard_templates_iter27.py:181: in test_delete_nonexistent_template
    assert response.status_code == 404, f"Expected 404, got {response.status_code}"
E   AssertionError: Expected 404, got 401
E   assert 401 == 404
E    +  where 401 = &lt;Response [401]&gt;.status_code</failure></testcase><testcase classname="backend.tests.test_dashboard_templates_iter27.TestDashboardTemplatesAPI" name="test_list_templates_without_auth" time="1.289" /><testcase classname="backend.tests.test_dashboard_templates_iter27.TestDashboardTemplatesAPI" name="test_create_template_without_auth" time="0.456" /><testcase classname="backend.tests.test_dashboard_templates_iter27.TestDashboardTemplatesFromDashboard" name="test_save_dashboard_as_template" time="0.442"><skipped type="pytest.skip" message="Dashboard creation failed: 422 - {&quot;detail&quot;:[{&quot;type&quot;:&quot;missing&quot;,&quot;loc&quot;:[&quot;body&quot;,&quot;org_id&quot;],&quot;msg&quot;:&quot;Field required&quot;,&quot;input&quot;:{&quot;name&quot;:&quot;TEST_Dashboard For Template&quot;,&quot;description&quot;:&quot;Test dashboard to save as template&quot;},&quot;url&quot;:&quot;https://errors.pydantic.dev/2.12/v/missing&quot;}]}">/app/backend/tests/test_dashboard_templates_iter27.py:271: Dashboard creation failed: 422 - {"detail":[{"type":"missing","loc":["body","org_id"],"msg":"Field required","input":{"name":"TEST_Dashboard For Template","description":"Test dashboard to save as template"},"url":"https://errors.pydantic.dev/2.12/v/missing"}]}</skipped></testcase><testcase classname="backend.tests.test_dashboard_templates_iter27.TestDashboardTemplatesFromDashboard" name="test_save_nonexistent_dashboard_as_template" time="0.667"><failure message="AssertionError: Expected 404, got 401&#10;assert 401 == 404&#10; +  where 401 = &lt;Response [401]&gt;.status_code">backend/tests/test_dashboard_templates_iter27.py:312: in test_save_nonexistent_dashboard_as_template
    assert response.status_code == 404, f"Expected 404, got {response.status_code}"
E   AssertionError: Expected 404, got 401
E   assert 401 == 404
E    +  where 401 = &lt;Response [401]&gt;.status_code</failure></testcase><testcase classname="backend.tests.test_dashboard_templates_iter27.TestPresetTemplateDetails" name="test_all_preset_templates_have_valid_structure" time="0.517" /><testcase classname="backend.tests.test_dashboard_templates_iter27.TestPresetTemplateDetails" name="test_marketing_template_details" time="0.423" /><testcase classname="backend.tests.test_dashboard_templates_iter27.TestPresetTemplateDetails" name="test_operations_template_details" time="0.414" /></testsuite></testsuites>