<?xml version="1.0" encoding="utf-8"?><testsuites name="pytest tests"><testsuite name="pytest" errors="0" failures="0" skipped="1" tests="18" time="10.053" timestamp="2026-02-15T18:22:40.604717+00:00" hostname="agent-env-4d16d49a-c50a-4ad2-8eac-08a8088fc291"><testcase classname="backend.tests.test_dashboard_templates_iter27.TestDashboardTemplatesAPI" name="test_list_templates_returns_preset_templates" time="0.504" /><testcase classname="backend.tests.test_dashboard_templates_iter27.TestDashboardTemplatesAPI" name="test_list_templates_preset_content" time="0.416" /><testcase classname="backend.tests.test_dashboard_templates_iter27.TestDashboardTemplatesAPI" name="test_create_custom_template" time="0.649" /><testcase classname="backend.tests.test_dashboard_templates_iter27.TestDashboardTemplatesAPI" name="test_get_single_preset_template" time="0.477" /><testcase classname="backend.tests.test_dashboard_templates_iter27.TestDashboardTemplatesAPI" name="test_delete_custom_template" time="0.578" /><testcase classname="backend.tests.test_dashboard_templates_iter27.TestDashboardTemplatesAPI" name="test_delete_nonexistent_template" time="0.432" /><testcase classname="backend.tests.test_dashboard_templates_iter27.TestDashboardTemplatesAPI" name="test_list_templates_without_auth" time="0.515" /><testcase classname="backend.tests.test_dashboard_templates_iter27.TestDashboardTemplatesAPI" name="test_create_template_without_auth" time="0.436" /><testcase classname="backend.tests.test_dashboard_templates_iter27.TestDashboardTemplatesAPI" name="test_update_custom_template" time="0.657" /><testcase classname="backend.tests.test_dashboard_templates_iter27.TestDashboardTemplatesAPI" name="test_update_template_partial" time="0.633" /><testcase classname="backend.tests.test_dashboard_templates_iter27.TestDashboardTemplatesAPI" name="test_update_nonexistent_template" time="0.405" /><testcase classname="backend.tests.test_dashboard_templates_iter27.TestDashboardTemplatesAPI" name="test_update_preset_template_returns_404" time="0.724" /><testcase classname="backend.tests.test_dashboard_templates_iter27.TestDashboardTemplatesAPI" name="test_update_template_without_auth" time="0.443" /><testcase classname="backend.tests.test_dashboard_templates_iter27.TestDashboardTemplatesFromDashboard" name="test_save_dashboard_as_template" time="1.037"><skipped type="pytest.skip" message="Dashboard creation failed: 422 - {&quot;detail&quot;:[{&quot;type&quot;:&quot;missing&quot;,&quot;loc&quot;:[&quot;body&quot;,&quot;org_id&quot;],&quot;msg&quot;:&quot;Field required&quot;,&quot;input&quot;:{&quot;name&quot;:&quot;TEST_Dashboard For Template&quot;,&quot;description&quot;:&quot;Test dashboard to save as template&quot;},&quot;url&quot;:&quot;https://errors.pydantic.dev/2.12/v/missing&quot;}]}">/app/backend/tests/test_dashboard_templates_iter27.py:376: Dashboard creation failed: 422 - {"detail":[{"type":"missing","loc":["body","org_id"],"msg":"Field required","input":{"name":"TEST_Dashboard For Template","description":"Test dashboard to save as template"},"url":"https://errors.pydantic.dev/2.12/v/missing"}]}</skipped></testcase><testcase classname="backend.tests.test_dashboard_templates_iter27.TestDashboardTemplatesFromDashboard" name="test_save_nonexistent_dashboard_as_template" time="0.436" /><testcase classname="backend.tests.test_dashboard_templates_iter27.TestPresetTemplateDetails" name="test_all_preset_templates_have_valid_structure" time="0.404" /><testcase classname="backend.tests.test_dashboard_templates_iter27.TestPresetTemplateDetails" name="test_marketing_template_details" time="0.628" /><testcase classname="backend.tests.test_dashboard_templates_iter27.TestPresetTemplateDetails" name="test_operations_template_details" time="0.587" /></testsuite></testsuites>