<?xml version="1.0" encoding="utf-8"?><testsuites name="pytest tests"><testsuite name="pytest" errors="0" failures="2" skipped="0" tests="27" time="10.912" timestamp="2026-02-15T20:04:11.955266+00:00" hostname="agent-env-4d16d49a-c50a-4ad2-8eac-08a8088fc291"><testcase classname="tests.test_help_center_comprehensive.TestHelpArticles" name="test_articles_returns_22_items" time="0.246" /><testcase classname="tests.test_help_center_comprehensive.TestHelpArticles" name="test_articles_have_required_fields" time="0.154" /><testcase classname="tests.test_help_center_comprehensive.TestHelpArticles" name="test_articles_filter_by_category_forms" time="0.359" /><testcase classname="tests.test_help_center_comprehensive.TestHelpArticles" name="test_articles_filter_by_category_dataviz" time="0.120" /><testcase classname="tests.test_help_center_comprehensive.TestHelpArticles" name="test_articles_search_filter" time="0.149" /><testcase classname="tests.test_help_center_comprehensive.TestHelpArticleDetail" name="test_getting_started_article" time="0.100" /><testcase classname="tests.test_help_center_comprehensive.TestHelpArticleDetail" name="test_form_builder_article" time="0.148" /><testcase classname="tests.test_help_center_comprehensive.TestHelpArticleDetail" name="test_nonexistent_article_returns_404" time="0.137" /><testcase classname="tests.test_help_center_comprehensive.TestHelpFaq" name="test_faq_returns_20_items" time="0.105" /><testcase classname="tests.test_help_center_comprehensive.TestHelpFaq" name="test_faq_items_have_required_fields" time="0.110" /><testcase classname="tests.test_help_center_comprehensive.TestHelpFaq" name="test_faq_covers_multiple_categories" time="0.111" /><testcase classname="tests.test_help_center_comprehensive.TestHelpTroubleshooting" name="test_troubleshooting_returns_10_guides" time="0.102" /><testcase classname="tests.test_help_center_comprehensive.TestHelpTroubleshooting" name="test_guides_have_severity_levels" time="0.108" /><testcase classname="tests.test_help_center_comprehensive.TestHelpTroubleshooting" name="test_guides_have_common_causes" time="0.130" /><testcase classname="tests.test_help_center_comprehensive.TestHelpTroubleshooting" name="test_guides_have_step_by_step_instructions" time="0.113" /><testcase classname="tests.test_help_center_comprehensive.TestHelpTroubleshooting" name="test_troubleshooting_guide_ids" time="0.150" /><testcase classname="tests.test_help_center_comprehensive.TestHelpSearch" name="test_search_returns_results_across_types" time="0.119" /><testcase classname="tests.test_help_center_comprehensive.TestHelpSearch" name="test_search_form_finds_matches" time="0.318" /><testcase classname="tests.test_help_center_comprehensive.TestHelpSearch" name="test_search_dashboard_finds_matches" time="0.124" /><testcase classname="tests.test_help_center_comprehensive.TestHelpSearch" name="test_search_empty_query" time="0.113" /><testcase classname="tests.test_help_center_comprehensive.TestHelpChat" name="test_chat_returns_ai_response" time="4.689" /><testcase classname="tests.test_help_center_comprehensive.TestHelpChat" name="test_chat_generates_session_id" time="1.358" /><testcase classname="tests.test_help_center_comprehensive.TestHelpChat" name="test_chat_uses_provided_session_id" time="0.763" /><testcase classname="tests.test_help_center_comprehensive.TestHelpChat" name="test_chat_responds_about_datapulse_features" time="0.587"><failure message="requests.exceptions.JSONDecodeError: Expecting value: line 1 column 1 (char 0)">/root/.venv/lib/python3.11/site-packages/requests/models.py:976: in json
    return complexjson.loads(self.text, **kwargs)
           ^^^^^^^^^^^^^^^^^^^^^^^^^^^^^^^^^^^^^^
/usr/local/lib/python3.11/json/__init__.py:346: in loads
    return _default_decoder.decode(s)
           ^^^^^^^^^^^^^^^^^^^^^^^^^^
/usr/local/lib/python3.11/json/decoder.py:337: in decode
    obj, end = self.raw_decode(s, idx=_w(s, 0).end())
               ^^^^^^^^^^^^^^^^^^^^^^^^^^^^^^^^^^^^^^
/usr/local/lib/python3.11/json/decoder.py:355: in raw_decode
    raise JSONDecodeError("Expecting value", s, err.value) from None
E   json.decoder.JSONDecodeError: Expecting value: line 1 column 1 (char 0)

During handling of the above exception, another exception occurred:
tests/test_help_center_comprehensive.py:244: in test_chat_responds_about_datapulse_features
    data = response.json()
           ^^^^^^^^^^^^^^^
/root/.venv/lib/python3.11/site-packages/requests/models.py:980: in json
    raise RequestsJSONDecodeError(e.msg, e.doc, e.pos)
E   requests.exceptions.JSONDecodeError: Expecting value: line 1 column 1 (char 0)</failure></testcase><testcase classname="tests.test_help_center_comprehensive.TestHelpCategories" name="test_categories_returns_list" time="0.105" /><testcase classname="tests.test_help_center_comprehensive.TestHelpFeedback" name="test_feedback_helpful_submission" time="0.110"><failure message="AssertionError: assert None == True&#10; +  where None = &lt;built-in method get of dict object at 0xfed18ea27940&gt;('success')&#10; +    where &lt;built-in method get of dict object at 0xfed18ea27940&gt; = {'message': 'Thank you for your feedback!'}.get">tests/test_help_center_comprehensive.py:273: in test_feedback_helpful_submission
    assert data.get("success") == True
E   AssertionError: assert None == True
E    +  where None = &lt;built-in method get of dict object at 0xfed18ea27940&gt;('success')
E    +    where &lt;built-in method get of dict object at 0xfed18ea27940&gt; = {'message': 'Thank you for your feedback!'}.get</failure></testcase><testcase classname="tests.test_help_center_comprehensive.TestHelpFeedback" name="test_feedback_not_helpful_submission" time="0.108" /></testsuite></testsuites>