<?xml version="1.0" encoding="utf-8"?><testsuites name="pytest tests"><testsuite name="pytest" errors="0" failures="1" skipped="0" tests="39" time="16.712" timestamp="2026-02-10T10:23:47.099573+00:00" hostname="agent-env-1aa55a0b-6528-45c3-82e9-5ea45ccb0c9c"><testcase classname="backend.tests.test_qualitative_phase2_3.TestSetup" name="test_create_project" time="0.059" /><testcase classname="backend.tests.test_qualitative_phase2_3.TestSetup" name="test_create_source_with_pii" time="0.042" /><testcase classname="backend.tests.test_qualitative_phase2_3.TestSetup" name="test_create_codes" time="0.078" /><testcase classname="backend.tests.test_qualitative_phase2_3.TestSetup" name="test_create_coding" time="0.041" /><testcase classname="backend.tests.test_qualitative_phase2_3.TestAICodingSuggestions" name="test_suggest_codes" time="1.245" /><testcase classname="backend.tests.test_qualitative_phase2_3.TestAICodingSuggestions" name="test_suggest_codes_empty_codebook" time="0.114" /><testcase classname="backend.tests.test_qualitative_phase2_3.TestPIIDetection" name="test_detect_pii_pattern_based" time="0.036" /><testcase classname="backend.tests.test_qualitative_phase2_3.TestPIIDetection" name="test_detect_pii_with_ai" time="1.556" /><testcase classname="backend.tests.test_qualitative_phase2_3.TestAnonymization" name="test_create_source_for_anonymization" time="0.041" /><testcase classname="backend.tests.test_qualitative_phase2_3.TestAnonymization" name="test_anonymize_source" time="1.102" /><testcase classname="backend.tests.test_qualitative_phase2_3.TestAnonymization" name="test_verify_anonymization" time="0.035" /><testcase classname="backend.tests.test_qualitative_phase2_3.TestAutoCodeSource" name="test_auto_code_source" time="1.728" /><testcase classname="backend.tests.test_qualitative_phase2_3.TestThemeSynthesis" name="test_synthesize_themes" time="9.425" /><testcase classname="backend.tests.test_qualitative_phase2_3.TestReportGeneration" name="test_generate_json_report" time="0.061" /><testcase classname="backend.tests.test_qualitative_phase2_3.TestReportGeneration" name="test_generate_markdown_report" time="0.042" /><testcase classname="backend.tests.test_qualitative_phase2_3.TestICRCalculation" name="test_create_second_coder_codings" time="0.038" /><testcase classname="backend.tests.test_qualitative_phase2_3.TestICRCalculation" name="test_calculate_icr" time="0.038" /><testcase classname="backend.tests.test_qualitative_phase2_3.TestCoderAssignments" name="test_create_assignment" time="0.035" /><testcase classname="backend.tests.test_qualitative_phase2_3.TestCoderAssignments" name="test_list_assignments" time="0.075" /><testcase classname="backend.tests.test_qualitative_phase2_3.TestCoderAssignments" name="test_update_assignment_status" time="0.034" /><testcase classname="backend.tests.test_qualitative_phase2_3.TestBlindCoding" name="test_get_blind_source" time="0.038" /><testcase classname="backend.tests.test_qualitative_phase2_3.TestCodingReviews" name="test_submit_for_review" time="0.046" /><testcase classname="backend.tests.test_qualitative_phase2_3.TestCodingReviews" name="test_list_reviews" time="0.037" /><testcase classname="backend.tests.test_qualitative_phase2_3.TestCodingReviews" name="test_complete_review" time="0.038" /><testcase classname="backend.tests.test_qualitative_phase2_3.TestAuditTrail" name="test_get_audit_trail" time="0.035"><failure message="AssertionError: Get audit trail failed: Internal Server Error&#10;assert 520 == 200&#10; +  where 520 = &lt;Response [520]&gt;.status_code">backend/tests/test_qualitative_phase2_3.py:675: in test_get_audit_trail
    assert response.status_code == 200, f"Get audit trail failed: {response.text}"
E   AssertionError: Get audit trail failed: Internal Server Error
E   assert 520 == 200
E    +  where 520 = &lt;Response [520]&gt;.status_code</failure></testcase><testcase classname="backend.tests.test_qualitative_phase2_3.TestAuditTrail" name="test_get_entity_history" time="0.035" /><testcase classname="backend.tests.test_qualitative_phase2_3.TestCodeVersions" name="test_save_code_version" time="0.044" /><testcase classname="backend.tests.test_qualitative_phase2_3.TestCodeVersions" name="test_get_code_versions" time="0.033" /><testcase classname="backend.tests.test_qualitative_phase2_3.TestBooleanQueries" name="test_boolean_or_query" time="0.033" /><testcase classname="backend.tests.test_qualitative_phase2_3.TestBooleanQueries" name="test_boolean_and_query" time="0.034" /><testcase classname="backend.tests.test_qualitative_phase2_3.TestBooleanQueries" name="test_boolean_not_query" time="0.038" /><testcase classname="backend.tests.test_qualitative_phase2_3.TestProximitySearch" name="test_proximity_search" time="0.033" /><testcase classname="backend.tests.test_qualitative_phase2_3.TestMatrixCodingQuery" name="test_matrix_query" time="0.035" /><testcase classname="backend.tests.test_qualitative_phase2_3.TestCrossCaseComparison" name="test_cross_case_comparison" time="0.038" /><testcase classname="backend.tests.test_qualitative_phase2_3.TestCodeFrequencyAnalysis" name="test_code_frequency" time="0.034" /><testcase classname="backend.tests.test_qualitative_phase2_3.TestCleanup" name="test_cleanup_anonymization_source" time="0.035" /><testcase classname="backend.tests.test_qualitative_phase2_3.TestCleanup" name="test_cleanup_codes" time="0.075" /><testcase classname="backend.tests.test_qualitative_phase2_3.TestCleanup" name="test_cleanup_source" time="0.038" /><testcase classname="backend.tests.test_qualitative_phase2_3.TestCleanup" name="test_cleanup_project" time="0.037" /></testsuite></testsuites>