<?xml version="1.0" encoding="utf-8"?><testsuites name="pytest tests"><testsuite name="pytest" errors="0" failures="0" skipped="0" tests="16" time="4.770" timestamp="2026-02-11T07:08:45.661389+00:00" hostname="agent-env-b4ef6f86-c054-4004-aa8d-b156044232e8"><testcase classname="backend.tests.test_new_features.TestAuth" name="test_login" time="2.709" /><testcase classname="backend.tests.test_new_features.TestAudioAuditAPI" name="test_get_audio_stats" time="0.369" /><testcase classname="backend.tests.test_new_features.TestAudioAuditAPI" name="test_get_recordings_list" time="0.076" /><testcase classname="backend.tests.test_new_features.TestAudioAuditAPI" name="test_get_recordings_with_filters" time="0.043" /><testcase classname="backend.tests.test_new_features.TestAudioAuditAPI" name="test_get_audio_config_default" time="0.039" /><testcase classname="backend.tests.test_new_features.TestFormGroupsAPI" name="test_get_form_groups_tree" time="0.340" /><testcase classname="backend.tests.test_new_features.TestFormGroupsAPI" name="test_list_form_groups" time="0.053" /><testcase classname="backend.tests.test_new_features.TestFormGroupsAPI" name="test_create_form_group" time="0.042" /><testcase classname="backend.tests.test_new_features.TestFormGroupsAPI" name="test_get_form_group" time="0.040" /><testcase classname="backend.tests.test_new_features.TestFormGroupsAPI" name="test_update_form_group" time="0.078" /><testcase classname="backend.tests.test_new_features.TestFormGroupsAPI" name="test_create_nested_folder" time="0.080" /><testcase classname="backend.tests.test_new_features.TestFormGroupsAPI" name="test_archive_form_group" time="0.077" /><testcase classname="backend.tests.test_new_features.TestFormGroupsAPI" name="test_unarchive_form_group" time="0.037" /><testcase classname="backend.tests.test_new_features.TestFormGroupsAPI" name="test_delete_form_group" time="0.069" /><testcase classname="backend.tests.test_new_features.TestFormBuilderValidation" name="test_get_form_for_validation" time="0.293" /><testcase classname="backend.tests.test_new_features.TestBulkFormOperations" name="test_bulk_move_forms_to_ungrouped" time="0.338" /></testsuite></testsuites>