<?xml version="1.0" encoding="utf-8"?><testsuites name="pytest tests"><testsuite name="pytest" errors="0" failures="1" skipped="0" tests="27" time="1.237" timestamp="2026-02-10T09:39:57.295172+00:00" hostname="agent-env-1aa55a0b-6528-45c3-82e9-5ea45ccb0c9c"><testcase classname="backend.tests.test_qualitative_module.TestQualitativeProjects" name="test_create_project" time="0.065" /><testcase classname="backend.tests.test_qualitative_module.TestQualitativeProjects" name="test_list_projects" time="0.047" /><testcase classname="backend.tests.test_qualitative_module.TestQualitativeProjects" name="test_get_project" time="0.039" /><testcase classname="backend.tests.test_qualitative_module.TestQualitativeProjects" name="test_update_project" time="0.083" /><testcase classname="backend.tests.test_qualitative_module.TestQualitativeSources" name="test_create_source" time="0.038" /><testcase classname="backend.tests.test_qualitative_module.TestQualitativeSources" name="test_list_sources" time="0.039" /><testcase classname="backend.tests.test_qualitative_module.TestQualitativeSources" name="test_get_source" time="0.033" /><testcase classname="backend.tests.test_qualitative_module.TestQualitativeCodes" name="test_create_code" time="0.046" /><testcase classname="backend.tests.test_qualitative_module.TestQualitativeCodes" name="test_create_child_code" time="0.038" /><testcase classname="backend.tests.test_qualitative_module.TestQualitativeCodes" name="test_list_codes_flat" time="0.036" /><testcase classname="backend.tests.test_qualitative_module.TestQualitativeCodes" name="test_get_code" time="0.037" /><testcase classname="backend.tests.test_qualitative_module.TestQualitativeCodings" name="test_create_coding" time="0.041" /><testcase classname="backend.tests.test_qualitative_module.TestQualitativeCodings" name="test_list_codings" time="0.034"><failure message="AssertionError: List codings failed: Internal Server Error&#10;assert 520 == 200&#10; +  where 520 = &lt;Response [520]&gt;.status_code">backend/tests/test_qualitative_module.py:326: in test_list_codings
    assert response.status_code == 200, f"List codings failed: {response.text}"
E   AssertionError: List codings failed: Internal Server Error
E   assert 520 == 200
E    +  where 520 = &lt;Response [520]&gt;.status_code</failure></testcase><testcase classname="backend.tests.test_qualitative_module.TestQualitativeCodings" name="test_verify_source_shows_codings" time="0.041" /><testcase classname="backend.tests.test_qualitative_module.TestQualitativeRetrievals" name="test_retrieve_by_code" time="0.040" /><testcase classname="backend.tests.test_qualitative_module.TestQualitativeRetrievals" name="test_text_search" time="0.034" /><testcase classname="backend.tests.test_qualitative_module.TestQualitativeStatistics" name="test_get_project_stats" time="0.038" /><testcase classname="backend.tests.test_qualitative_module.TestQualitativeMemos" name="test_create_memo" time="0.050" /><testcase classname="backend.tests.test_qualitative_module.TestQualitativeMemos" name="test_list_memos" time="0.076" /><testcase classname="backend.tests.test_qualitative_module.TestQualitativeThemes" name="test_create_theme" time="0.043" /><testcase classname="backend.tests.test_qualitative_module.TestQualitativeThemes" name="test_list_themes" time="0.036" /><testcase classname="backend.tests.test_qualitative_module.TestQualitativeCleanup" name="test_delete_theme" time="0.000" /><testcase classname="backend.tests.test_qualitative_module.TestQualitativeCleanup" name="test_delete_coding" time="0.036" /><testcase classname="backend.tests.test_qualitative_module.TestQualitativeCleanup" name="test_delete_child_code" time="0.038" /><testcase classname="backend.tests.test_qualitative_module.TestQualitativeCleanup" name="test_delete_code" time="0.036" /><testcase classname="backend.tests.test_qualitative_module.TestQualitativeCleanup" name="test_delete_source" time="0.036" /><testcase classname="backend.tests.test_qualitative_module.TestQualitativeCleanup" name="test_delete_project" time="0.035" /></testsuite></testsuites>