<?xml version="1.0" encoding="utf-8"?><testsuites name="pytest tests"><testsuite name="pytest" errors="0" failures="1" skipped="1" tests="24" time="15.713" timestamp="2026-02-11T08:36:33.550147+00:00" hostname="agent-env-b4ef6f86-c054-4004-aa8d-b156044232e8"><testcase classname="tests.test_ai_realtime_features.TestAISentiment" name="test_sentiment_positive_text" time="1.898" /><testcase classname="tests.test_ai_realtime_features.TestAISentiment" name="test_sentiment_negative_text" time="1.921" /><testcase classname="tests.test_ai_realtime_features.TestAISentiment" name="test_sentiment_unauthorized" time="0.043" /><testcase classname="tests.test_ai_realtime_features.TestAITranslation" name="test_translate_english_to_spanish" time="0.453" /><testcase classname="tests.test_ai_realtime_features.TestAITranslation" name="test_translate_french_to_english" time="0.999" /><testcase classname="tests.test_ai_realtime_features.TestAITranslation" name="test_translate_auto_detect" time="0.435" /><testcase classname="tests.test_ai_realtime_features.TestAITranslateForm" name="test_translate_form_labels" time="1.000" /><testcase classname="tests.test_ai_realtime_features.TestAITranslateForm" name="test_translate_form_not_found" time="0.033" /><testcase classname="tests.test_ai_realtime_features.TestAIQualityCheck" name="test_quality_check_basic" time="5.692" /><testcase classname="tests.test_ai_realtime_features.TestAIQualityCheck" name="test_quality_check_with_anomalies" time="2.609" /><testcase classname="tests.test_ai_realtime_features.TestAIPredictions" name="test_predict_completion_date" time="0.037" /><testcase classname="tests.test_ai_realtime_features.TestRealtimeDashboards" name="test_create_dashboard" time="0.045" /><testcase classname="tests.test_ai_realtime_features.TestRealtimeDashboards" name="test_list_dashboards" time="0.036" /><testcase classname="tests.test_ai_realtime_features.TestRealtimeDashboards" name="test_get_dashboard_data" time="0.039" /><testcase classname="tests.test_ai_realtime_features.TestRealtimeDashboards" name="test_update_dashboard" time="0.035" /><testcase classname="tests.test_ai_realtime_features.TestRealtimeDashboards" name="test_delete_dashboard" time="0.035" /><testcase classname="tests.test_ai_realtime_features.TestGeofencing" name="test_create_geofence_circle" time="0.035" /><testcase classname="tests.test_ai_realtime_features.TestGeofencing" name="test_list_geofences" time="0.036" /><testcase classname="tests.test_ai_realtime_features.TestGeofencing" name="test_check_geofence_inside" time="0.035" /><testcase classname="tests.test_ai_realtime_features.TestGeofencing" name="test_check_geofence_outside" time="0.075" /><testcase classname="tests.test_ai_realtime_features.TestGeofencing" name="test_delete_geofence" time="0.041" /><testcase classname="tests.test_ai_realtime_features.TestBlockchainVerification" name="test_create_blockchain_record" time="0.035"><failure message="AttributeError: 'list' object has no attribute 'get'">tests/test_ai_realtime_features.py:498: in test_create_blockchain_record
    submissions = data.get("submissions", [])
                  ^^^^^^^^
E   AttributeError: 'list' object has no attribute 'get'</failure></testcase><testcase classname="tests.test_ai_realtime_features.TestBlockchainVerification" name="test_verify_blockchain_record" time="0.000"><skipped type="pytest.skip" message="No submission for verification">/app/backend/tests/test_ai_realtime_features.py:522: No submission for verification</skipped></testcase><testcase classname="tests.test_ai_realtime_features.TestBlockchainVerification" name="test_verify_nonexistent_record" time="0.036" /></testsuite></testsuites>