<?xml version="1.0" encoding="utf-8"?><testsuites name="pytest tests"><testsuite name="pytest" errors="0" failures="0" skipped="0" tests="24" time="17.494" timestamp="2026-02-11T08:37:43.529644+00:00" hostname="agent-env-b4ef6f86-c054-4004-aa8d-b156044232e8"><testcase classname="tests.test_ai_realtime_features.TestAISentiment" name="test_sentiment_positive_text" time="1.711" /><testcase classname="tests.test_ai_realtime_features.TestAISentiment" name="test_sentiment_negative_text" time="3.999" /><testcase classname="tests.test_ai_realtime_features.TestAISentiment" name="test_sentiment_unauthorized" time="0.053" /><testcase classname="tests.test_ai_realtime_features.TestAITranslation" name="test_translate_english_to_spanish" time="0.426" /><testcase classname="tests.test_ai_realtime_features.TestAITranslation" name="test_translate_french_to_english" time="0.318" /><testcase classname="tests.test_ai_realtime_features.TestAITranslation" name="test_translate_auto_detect" time="0.740" /><testcase classname="tests.test_ai_realtime_features.TestAITranslateForm" name="test_translate_form_labels" time="1.080" /><testcase classname="tests.test_ai_realtime_features.TestAITranslateForm" name="test_translate_form_not_found" time="0.040" /><testcase classname="tests.test_ai_realtime_features.TestAIQualityCheck" name="test_quality_check_basic" time="5.068" /><testcase classname="tests.test_ai_realtime_features.TestAIQualityCheck" name="test_quality_check_with_anomalies" time="3.442" /><testcase classname="tests.test_ai_realtime_features.TestAIPredictions" name="test_predict_completion_date" time="0.034" /><testcase classname="tests.test_ai_realtime_features.TestRealtimeDashboards" name="test_create_dashboard" time="0.038" /><testcase classname="tests.test_ai_realtime_features.TestRealtimeDashboards" name="test_list_dashboards" time="0.040" /><testcase classname="tests.test_ai_realtime_features.TestRealtimeDashboards" name="test_get_dashboard_data" time="0.039" /><testcase classname="tests.test_ai_realtime_features.TestRealtimeDashboards" name="test_update_dashboard" time="0.037" /><testcase classname="tests.test_ai_realtime_features.TestRealtimeDashboards" name="test_delete_dashboard" time="0.035" /><testcase classname="tests.test_ai_realtime_features.TestGeofencing" name="test_create_geofence_circle" time="0.038" /><testcase classname="tests.test_ai_realtime_features.TestGeofencing" name="test_list_geofences" time="0.034" /><testcase classname="tests.test_ai_realtime_features.TestGeofencing" name="test_check_geofence_inside" time="0.038" /><testcase classname="tests.test_ai_realtime_features.TestGeofencing" name="test_check_geofence_outside" time="0.036" /><testcase classname="tests.test_ai_realtime_features.TestGeofencing" name="test_delete_geofence" time="0.043" /><testcase classname="tests.test_ai_realtime_features.TestBlockchainVerification" name="test_create_blockchain_record" time="0.071" /><testcase classname="tests.test_ai_realtime_features.TestBlockchainVerification" name="test_verify_blockchain_record" time="0.034" /><testcase classname="tests.test_ai_realtime_features.TestBlockchainVerification" name="test_verify_nonexistent_record" time="0.037" /></testsuite></testsuites>