<?xml version="1.0" encoding="utf-8"?><testsuites name="pytest tests"><testsuite name="pytest" errors="0" failures="0" skipped="0" tests="19" time="1.646" timestamp="2026-02-11T08:10:27.040919+00:00" hostname="agent-env-b4ef6f86-c054-4004-aa8d-b156044232e8"><testcase classname="backend.tests.test_advanced_features.TestCascadingSelects" name="test_01_create_cascade_config" time="0.385" /><testcase classname="backend.tests.test_advanced_features.TestCascadingSelects" name="test_02_get_cascade_config" time="0.038" /><testcase classname="backend.tests.test_advanced_features.TestCascadingSelects" name="test_03_get_cascade_root_options" time="0.037" /><testcase classname="backend.tests.test_advanced_features.TestCascadingSelects" name="test_04_get_cascade_filtered_options" time="0.038" /><testcase classname="backend.tests.test_advanced_features.TestCascadingSelects" name="test_05_list_cascade_configs" time="0.037" /><testcase classname="backend.tests.test_advanced_features.TestSensorMetadata" name="test_01_get_sensor_config" time="0.297" /><testcase classname="backend.tests.test_advanced_features.TestSensorMetadata" name="test_02_record_sensor_metadata" time="0.053" /><testcase classname="backend.tests.test_advanced_features.TestSensorMetadata" name="test_03_update_sensor_config" time="0.087" /><testcase classname="backend.tests.test_advanced_features.TestDatasetVersioning" name="test_01_create_dataset" time="0.309" /><testcase classname="backend.tests.test_advanced_features.TestDatasetVersioning" name="test_02_add_records_to_dataset" time="0.038" /><testcase classname="backend.tests.test_advanced_features.TestDatasetVersioning" name="test_03_create_version_snapshot" time="0.048" /><testcase classname="backend.tests.test_advanced_features.TestDatasetVersioning" name="test_04_get_version_history" time="0.039" /><testcase classname="backend.tests.test_advanced_features.TestDatasetVersioning" name="test_05_get_dataset_stats" time="0.036" /><testcase classname="backend.tests.test_advanced_features.TestDatasetVersioning" name="test_06_publish_realtime_update" time="0.088" /><testcase classname="backend.tests.test_advanced_features.TestDatasetVersioning" name="test_07_poll_realtime_updates" time="0.033" /><testcase classname="backend.tests.test_advanced_features.TestFrontendFieldTypes" name="test_field_types_include_cascade" time="0.000" /><testcase classname="backend.tests.test_advanced_features.TestFrontendFieldTypes" name="test_cascading_select_component_exists" time="0.000" /><testcase classname="backend.tests.test_advanced_features.TestFrontendFieldTypes" name="test_nested_repeat_component_exists" time="0.000" /><testcase classname="backend.tests.test_advanced_features.TestFrontendFieldTypes" name="test_sensor_metadata_component_exists" time="0.000" /></testsuite></testsuites>