<?xml version="1.0" encoding="utf-8"?><testsuites name="pytest tests"><testsuite name="pytest" errors="0" failures="0" skipped="0" tests="14" time="9.431" timestamp="2026-02-10T17:48:13.030810+00:00" hostname="agent-env-b4ef6f86-c054-4004-aa8d-b156044232e8"><testcase classname="backend.tests.test_barcode_signature_features.TestBarcodeAPI" name="test_barcode_scan_endpoint" time="7.709" /><testcase classname="backend.tests.test_barcode_signature_features.TestBarcodeAPI" name="test_barcode_scan_with_qr_format" time="0.041" /><testcase classname="backend.tests.test_barcode_signature_features.TestBarcodeAPI" name="test_list_barcode_scans" time="0.041" /><testcase classname="backend.tests.test_barcode_signature_features.TestBarcodeAPI" name="test_list_barcode_scans_all" time="0.038" /><testcase classname="backend.tests.test_barcode_signature_features.TestSignatureAPI" name="test_signature_capture_endpoint" time="0.307" /><testcase classname="backend.tests.test_barcode_signature_features.TestSignatureAPI" name="test_signature_capture_with_low_points" time="0.040" /><testcase classname="backend.tests.test_barcode_signature_features.TestSignatureAPI" name="test_list_signatures" time="0.041" /><testcase classname="backend.tests.test_barcode_signature_features.TestSignatureAPI" name="test_list_signatures_all" time="0.035" /><testcase classname="backend.tests.test_barcode_signature_features.TestBarcodeConfig" name="test_save_barcode_config" time="0.312" /><testcase classname="backend.tests.test_barcode_signature_features.TestBarcodeConfig" name="test_get_barcode_config" time="0.035" /><testcase classname="backend.tests.test_barcode_signature_features.TestSignatureConfig" name="test_save_signature_config" time="0.313" /><testcase classname="backend.tests.test_barcode_signature_features.TestSignatureConfig" name="test_get_signature_config" time="0.076" /><testcase classname="backend.tests.test_barcode_signature_features.TestHealthAndForms" name="test_health_check" time="0.034" /><testcase classname="backend.tests.test_barcode_signature_features.TestHealthAndForms" name="test_get_form_with_barcode_signature_fields" time="0.289" /></testsuite></testsuites>