<?xml version="1.0" encoding="utf-8"?><testsuites name="pytest tests"><testsuite name="pytest" errors="0" failures="0" skipped="0" tests="13" time="5.733" timestamp="2026-02-12T18:13:19.139196+00:00" hostname="agent-env-2128993f-4ac8-467e-baf6-e962a88b25db"><testcase classname="backend.tests.test_dataviz_features.TestDataVizFormsAPI" name="test_list_forms_for_dataviz" time="4.738" /><testcase classname="backend.tests.test_dataviz_features.TestDataVizChartDataAPI" name="test_chart_data_region_aggregation" time="0.044" /><testcase classname="backend.tests.test_dataviz_features.TestDataVizChartDataAPI" name="test_chart_data_satisfaction_aggregation" time="0.040" /><testcase classname="backend.tests.test_dataviz_features.TestDataVizChartDataAPI" name="test_chart_data_product_aggregation" time="0.080" /><testcase classname="backend.tests.test_dataviz_features.TestDataVizChartDataAPI" name="test_chart_data_with_group_by" time="0.039" /><testcase classname="backend.tests.test_dataviz_features.TestDataVizSummaryStatsAPI" name="test_get_summary_stats" time="0.045" /><testcase classname="backend.tests.test_dataviz_features.TestDataVizTimeSeriesAPI" name="test_time_series_by_day" time="0.044" /><testcase classname="backend.tests.test_dataviz_features.TestDataVizDashboardCRUD" name="test_create_dashboard" time="0.110" /><testcase classname="backend.tests.test_dataviz_features.TestDataVizDashboardCRUD" name="test_list_dashboards" time="0.038" /><testcase classname="backend.tests.test_dataviz_features.TestDataVizDashboardCRUD" name="test_update_dashboard" time="0.119" /><testcase classname="backend.tests.test_dataviz_features.TestDataVizDashboardCRUD" name="test_delete_dashboard" time="0.169" /><testcase classname="backend.tests.test_dataviz_features.TestDataVizTemplatesAPI" name="test_get_templates" time="0.037" /><testcase classname="backend.tests.test_dataviz_features.TestDataVizFormFieldsAPI" name="test_get_form_fields" time="0.074" /></testsuite></testsuites>