<?xml version="1.0" encoding="utf-8"?><testsuites name="pytest tests"><testsuite name="pytest" errors="0" failures="0" skipped="1" tests="16" time="7.793" timestamp="2026-02-10T18:23:09.021846+00:00" hostname="agent-env-b4ef6f86-c054-4004-aa8d-b156044232e8"><testcase classname="backend.tests.test_review_workflow.TestReviewWorkflowAPIs" name="test_get_queue_stats_success" time="3.284" /><testcase classname="backend.tests.test_review_workflow.TestReviewWorkflowAPIs" name="test_get_queue_stats_requires_auth" time="0.297" /><testcase classname="backend.tests.test_review_workflow.TestReviewWorkflowAPIs" name="test_get_queue_success" time="0.270" /><testcase classname="backend.tests.test_review_workflow.TestReviewWorkflowAPIs" name="test_get_queue_with_status_filter" time="0.275" /><testcase classname="backend.tests.test_review_workflow.TestReviewWorkflowAPIs" name="test_get_queue_requires_auth" time="0.298" /><testcase classname="backend.tests.test_review_workflow.TestReviewWorkflowAPIs" name="test_claim_pending_submission" time="0.287" /><testcase classname="backend.tests.test_review_workflow.TestReviewWorkflowAPIs" name="test_claim_already_claimed_submission" time="0.281" /><testcase classname="backend.tests.test_review_workflow.TestReviewWorkflowAPIs" name="test_release_claimed_submission" time="0.298" /><testcase classname="backend.tests.test_review_workflow.TestReviewWorkflowAPIs" name="test_decide_approve_submission" time="0.327" /><testcase classname="backend.tests.test_review_workflow.TestReviewWorkflowAPIs" name="test_decide_reject_submission" time="0.333" /><testcase classname="backend.tests.test_review_workflow.TestReviewWorkflowAPIs" name="test_decide_request_correction" time="0.277"><skipped type="pytest.skip" message="No pending submissions to test correction request">/app/backend/tests/test_review_workflow.py:265: No pending submissions to test correction request</skipped></testcase><testcase classname="backend.tests.test_review_workflow.TestReviewWorkflowAPIs" name="test_decide_invalid_decision" time="0.278" /><testcase classname="backend.tests.test_review_workflow.TestReviewWorkflowAPIs" name="test_list_corrections" time="0.269" /><testcase classname="backend.tests.test_review_workflow.TestReviewWorkflowAPIs" name="test_create_correction_request" time="0.313" /><testcase classname="backend.tests.test_review_workflow.TestReviewWorkflowAPIs" name="test_corrections_requires_auth" time="0.294" /><testcase classname="backend.tests.test_review_workflow.TestReviewWorkflowAPIs" name="test_get_workflow_config" time="0.323" /></testsuite></testsuites>