<?xml version="1.0" encoding="utf-8"?><testsuites name="pytest tests"><testsuite name="pytest" errors="0" failures="0" skipped="0" tests="31" time="1.135" timestamp="2026-02-10T11:14:07.842265+00:00" hostname="agent-env-1aa55a0b-6528-45c3-82e9-5ea45ccb0c9c"><testcase classname="backend.tests.test_qualitative_phase4_features.TestSetup" name="test_health_check" time="0.096" /><testcase classname="backend.tests.test_qualitative_phase4_features.TestMixedMethodsFeatures" name="test_create_theme_variable_link" time="0.070" /><testcase classname="backend.tests.test_qualitative_phase4_features.TestMixedMethodsFeatures" name="test_list_theme_variable_links" time="0.009" /><testcase classname="backend.tests.test_qualitative_phase4_features.TestMixedMethodsFeatures" name="test_joint_display_generation" time="0.012" /><testcase classname="backend.tests.test_qualitative_phase4_features.TestMixedMethodsFeatures" name="test_cross_reference_analysis" time="0.012" /><testcase classname="backend.tests.test_qualitative_phase4_features.TestMixedMethodsFeatures" name="test_convergence_analysis" time="0.011" /><testcase classname="backend.tests.test_qualitative_phase4_features.TestRefiQdaExport" name="test_export_refi_qda_xml" time="0.061" /><testcase classname="backend.tests.test_qualitative_phase4_features.TestRefiQdaExport" name="test_export_qdpx_package" time="0.023" /><testcase classname="backend.tests.test_qualitative_phase4_features.TestRefiQdaExport" name="test_export_codebook_json" time="0.054" /><testcase classname="backend.tests.test_qualitative_phase4_features.TestRefiQdaExport" name="test_export_codebook_csv" time="0.013" /><testcase classname="backend.tests.test_qualitative_phase4_features.TestRefiQdaExport" name="test_export_codebook_xml" time="0.051" /><testcase classname="backend.tests.test_qualitative_phase4_features.TestRefiQdaExport" name="test_export_codings_json" time="0.012" /><testcase classname="backend.tests.test_qualitative_phase4_features.TestRefiQdaExport" name="test_export_codings_csv" time="0.051" /><testcase classname="backend.tests.test_qualitative_phase4_features.TestRefiQdaExport" name="test_import_codebook" time="0.010" /><testcase classname="backend.tests.test_qualitative_phase4_features.TestRealtimeCollaboration" name="test_get_presence" time="0.034" /><testcase classname="backend.tests.test_qualitative_phase4_features.TestRealtimeCollaboration" name="test_get_cursors" time="0.009" /><testcase classname="backend.tests.test_qualitative_phase4_features.TestRealtimeCollaboration" name="test_get_selections" time="0.011" /><testcase classname="backend.tests.test_qualitative_phase4_features.TestRealtimeCollaboration" name="test_create_session" time="0.018" /><testcase classname="backend.tests.test_qualitative_phase4_features.TestRealtimeCollaboration" name="test_list_sessions" time="0.049" /><testcase classname="backend.tests.test_qualitative_phase4_features.TestRealtimeCollaboration" name="test_get_activity_feed" time="0.011" /><testcase classname="backend.tests.test_qualitative_phase4_features.TestPublicationVisuals" name="test_framework_matrix" time="0.044" /><testcase classname="backend.tests.test_qualitative_phase4_features.TestPublicationVisuals" name="test_framework_matrix_by_attribute" time="0.016" /><testcase classname="backend.tests.test_qualitative_phase4_features.TestPublicationVisuals" name="test_quote_cards" time="0.050" /><testcase classname="backend.tests.test_qualitative_phase4_features.TestPublicationVisuals" name="test_quote_cards_html_export" time="0.010" /><testcase classname="backend.tests.test_qualitative_phase4_features.TestPublicationVisuals" name="test_code_frequency_chart" time="0.014" /><testcase classname="backend.tests.test_qualitative_phase4_features.TestPublicationVisuals" name="test_theme_network_diagram" time="0.050" /><testcase classname="backend.tests.test_qualitative_phase4_features.TestPublicationVisuals" name="test_coding_timeline" time="0.051" /><testcase classname="backend.tests.test_qualitative_phase4_features.TestPublicationVisuals" name="test_coding_timeline_by_hour" time="0.009" /><testcase classname="backend.tests.test_qualitative_phase4_features.TestPublicationVisuals" name="test_coverage_heatmap" time="0.052" /><testcase classname="backend.tests.test_qualitative_phase4_features.TestCleanup" name="test_cleanup_test_links" time="0.046" /><testcase classname="backend.tests.test_qualitative_phase4_features.TestCleanup" name="test_cleanup_test_sessions" time="0.062" /></testsuite></testsuites>